Using pre-set license
Built from '2021.1/staging' branch; Version is '2021.1.2f1 (e5d502d80fbb) revision 15062274'; Using compiler version '192528614'; Build Type 'Release'
OS: 'Windows 10 Pro; OS build 19042.985; Version 2009; 64bit' Language: 'en' Physical Memory: 16313 MB
BatchMode: 1, IsHumanControllingUs: 0, StartBugReporterOnCrash: 0, Is64bit: 1, IsPro: 0

 COMMAND LINE ARGUMENTS:
D:\Program Files\Unity\2021.1.2f1\Editor\Unity.exe
-adb2
-batchMode
-noUpm
-name
AssetImportWorker0
-projectPath
D:/UnityProjects/Lekker Learner Launchpad
-logFile
Logs/AssetImportWorker0.log
-srvPort
55501
Successfully changed project path to: D:/UnityProjects/Lekker Learner Launchpad
D:/UnityProjects/Lekker Learner Launchpad
Using Asset Import Pipeline V2.
Refreshing native plugins compatible for Editor in 65.91 ms, found 1 plugins.
Preloading 0 native plugins for Editor in 0.00 ms.
Initialize engine version: 2021.1.2f1 (e5d502d80fbb)
[Subsystems] Discovering subsystems at path D:/Program Files/Unity/2021.1.2f1/Editor/Data/Resources/UnitySubsystems
[Subsystems] Discovering subsystems at path D:/UnityProjects/Lekker Learner Launchpad/Assets
GfxDevice: creating device client; threaded=0; jobified=0
Direct3D:
    Version:  Direct3D 11.0 [level 11.1]
    Renderer: NVIDIA GeForce GTX 1660 (ID=0x2184)
    Vendor:   NVIDIA
    VRAM:     5991 MB
    Driver:   27.21.14.6140
Initialize mono
Mono path[0] = 'D:/Program Files/Unity/2021.1.2f1/Editor/Data/Managed'
Mono path[1] = 'D:/Program Files/Unity/2021.1.2f1/Editor/Data/MonoBleedingEdge/lib/mono/unityjit'
Mono config path = 'D:/Program Files/Unity/2021.1.2f1/Editor/Data/MonoBleedingEdge/etc'
Using monoOptions --debugger-agent=transport=dt_socket,embedding=1,server=y,suspend=n,address=127.0.0.1:56696
Begin MonoManager ReloadAssembly
Registering precompiled unity dll's ...
Register platform support module: D:/Program Files/Unity/2021.1.2f1/Editor/Data/PlaybackEngines/WebGLSupport/UnityEditor.WebGL.Extensions.dll
Register platform support module: D:/Program Files/Unity/2021.1.2f1/Editor/Data/PlaybackEngines/WindowsStandaloneSupport/UnityEditor.WindowsStandalone.Extensions.dll
Registered in 0.001283 seconds.
Native extension for WindowsStandalone target not found
Native extension for WebGL target not found
Refreshing native plugins compatible for Editor in 70.08 ms, found 1 plugins.
Preloading 0 native plugins for Editor in 0.00 ms.
Mono: successfully reloaded assembly
- Completed reload, in  0.969 seconds
Platform modules already initialized, skipping
Registering precompiled user dll's ...
Registered in 0.002395 seconds.
Begin MonoManager ReloadAssembly
Native extension for WindowsStandalone target not found
Native extension for WebGL target not found
Refreshing native plugins compatible for Editor in 0.60 ms, found 1 plugins.
Preloading 0 native plugins for Editor in 0.00 ms.
Mono: successfully reloaded assembly
- Completed reload, in  0.773 seconds
Platform modules already initialized, skipping
========================================================================
Worker process is ready to serve import requests
Launched and connected shader compiler UnityShaderCompiler.exe after 0.27 seconds
Refreshing native plugins compatible for Editor in 0.60 ms, found 1 plugins.
Preloading 0 native plugins for Editor in 0.00 ms.
Unloading 2807 Unused Serialized files (Serialized files now loaded: 0)
System memory in use before: 102.2 MB.
System memory in use after: 102.3 MB.

Unloading 15 unused Assets to reduce memory usage. Loaded Objects now: 3259.
Total: 2.481600 ms (FindLiveObjects: 0.344400 ms CreateObjectMapping: 0.086200 ms MarkObjects: 1.977100 ms  DeleteObjects: 0.073100 ms)

========================================================================
Received Import Request.
  path: Assets/Tutorials/Tutorial2 -Create GameObject/5-TutorialCreateGameObjectStartPage.asset
  artifactKey: Guid(139f638e4c515354089b7ceded4617b0) Importer(815301076,1909f56bfc062723c751e8b465ee728b)
Start importing Assets/Tutorials/Tutorial2 -Create GameObject/5-TutorialCreateGameObjectStartPage.asset using Guid(139f638e4c515354089b7ceded4617b0) Importer(815301076,1909f56bfc062723c751e8b465ee728b)  -> (artifact id: 'e78cf107af3847eb2354d1d8d59dd033') in 0.048940 seconds 
========================================================================
Received Import Request.
  Time since last request: 483.592289 seconds.
  path: Assets/Tutorials/Tutorial2 -Create GameObject/TutorialCreateGameObject.asset
  artifactKey: Guid(d60e43d4b98dc4041b9e5c9ad718e9a3) Importer(815301076,1909f56bfc062723c751e8b465ee728b)
Start importing Assets/Tutorials/Tutorial2 -Create GameObject/TutorialCreateGameObject.asset using Guid(d60e43d4b98dc4041b9e5c9ad718e9a3) Importer(815301076,1909f56bfc062723c751e8b465ee728b)  -> (artifact id: 'd5d457af5dc92673cd7047ea0307b689') in 0.016212 seconds 
========================================================================
Received Import Request.
  Time since last request: 380.565757 seconds.
  path: Assets/Tutorials/Scripts
  artifactKey: Guid(faae7899d695c9a4d91c87b115e10498) Importer(815301076,1909f56bfc062723c751e8b465ee728b)
Start importing Assets/Tutorials/Scripts using Guid(faae7899d695c9a4d91c87b115e10498) Importer(815301076,1909f56bfc062723c751e8b465ee728b)  -> (artifact id: '54ab5d79ec6e7e4cfe3230bef646f62c') in 0.003357 seconds 
========================================================================
Received Import Request.
  Time since last request: 12.524387 seconds.
  path: Assets/Tutorials/Scripts/Tutorial2Script.cs
  artifactKey: Guid(a359a883c3175794ca01bc591737e547) Importer(815301076,1909f56bfc062723c751e8b465ee728b)
Start importing Assets/Tutorials/Scripts/Tutorial2Script.cs using Guid(a359a883c3175794ca01bc591737e547) Importer(815301076,1909f56bfc062723c751e8b465ee728b)  -> (artifact id: 'd2d588748a4a7f7b1aadb042eebb1e33') in 0.049994 seconds 
========================================================================
Received Prepare
Registering precompiled user dll's ...
Registered in 0.002560 seconds.
Begin MonoManager ReloadAssembly
Native extension for WindowsStandalone target not found
Native extension for WebGL target not found
Refreshing native plugins compatible for Editor in 0.61 ms, found 1 plugins.
Preloading 0 native plugins for Editor in 0.00 ms.
Mono: successfully reloaded assembly
- Completed reload, in  0.812 seconds
Platform modules already initialized, skipping
Refreshing native plugins compatible for Editor in 0.71 ms, found 1 plugins.
Preloading 0 native plugins for Editor in 0.00 ms.
Unloading 2803 Unused Serialized files (Serialized files now loaded: 0)
System memory in use before: 102.2 MB.
System memory in use after: 102.4 MB.

Unloading 10 unused Assets to reduce memory usage. Loaded Objects now: 3263.
Total: 2.932800 ms (FindLiveObjects: 0.425800 ms CreateObjectMapping: 0.077500 ms MarkObjects: 2.352400 ms  DeleteObjects: 0.075400 ms)

========================================================================
Received Prepare
Registering precompiled user dll's ...
Registered in 0.002762 seconds.
Begin MonoManager ReloadAssembly
Native extension for WindowsStandalone target not found
Native extension for WebGL target not found
Refreshing native plugins compatible for Editor in 0.60 ms, found 1 plugins.
Preloading 0 native plugins for Editor in 0.00 ms.
Mono: successfully reloaded assembly
- Completed reload, in  0.748 seconds
Platform modules already initialized, skipping
Refreshing native plugins compatible for Editor in 0.72 ms, found 1 plugins.
Preloading 0 native plugins for Editor in 0.00 ms.
Unloading 2802 Unused Serialized files (Serialized files now loaded: 0)
System memory in use before: 102.2 MB.
System memory in use after: 102.4 MB.

Unloading 11 unused Assets to reduce memory usage. Loaded Objects now: 3265.
Total: 2.543800 ms (FindLiveObjects: 0.484000 ms CreateObjectMapping: 0.101400 ms MarkObjects: 1.904800 ms  DeleteObjects: 0.052700 ms)

========================================================================
Received Import Request.
  Time since last request: 56.268005 seconds.
  path: Assets/Tutorials/Tutorial2 -Create GameObject/5-TutorialCreateGameObjectStartPage.asset
  artifactKey: Guid(139f638e4c515354089b7ceded4617b0) Importer(815301076,1909f56bfc062723c751e8b465ee728b)
Start importing Assets/Tutorials/Tutorial2 -Create GameObject/5-TutorialCreateGameObjectStartPage.asset using Guid(139f638e4c515354089b7ceded4617b0) Importer(815301076,1909f56bfc062723c751e8b465ee728b)  -> (artifact id: '9027f5a7dece26e290a4650b467a5a5e') in 0.035165 seconds 
========================================================================
Received Prepare
Registering precompiled user dll's ...
Registered in 0.002191 seconds.
Begin MonoManager ReloadAssembly
Native extension for WindowsStandalone target not found
Native extension for WebGL target not found
Refreshing native plugins compatible for Editor in 0.60 ms, found 1 plugins.
Preloading 0 native plugins for Editor in 0.00 ms.
Mono: successfully reloaded assembly
- Completed reload, in  0.743 seconds
Platform modules already initialized, skipping
Refreshing native plugins compatible for Editor in 0.62 ms, found 1 plugins.
Preloading 0 native plugins for Editor in 0.00 ms.
Unloading 2803 Unused Serialized files (Serialized files now loaded: 0)
System memory in use before: 102.3 MB.
System memory in use after: 102.5 MB.

Unloading 10 unused Assets to reduce memory usage. Loaded Objects now: 3269.
Total: 2.281900 ms (FindLiveObjects: 0.334500 ms CreateObjectMapping: 0.077900 ms MarkObjects: 1.817600 ms  DeleteObjects: 0.051000 ms)

========================================================================
Received Import Request.
  Time since last request: 11.704374 seconds.
  path: Assets/Tutorials/Scripts/TutorialCallbacks.asset
  artifactKey: Guid(2ba783df86b4a4347acc4bcfc5d6f1a8) Importer(815301076,1909f56bfc062723c751e8b465ee728b)
Start importing Assets/Tutorials/Scripts/TutorialCallbacks.asset using Guid(2ba783df86b4a4347acc4bcfc5d6f1a8) Importer(815301076,1909f56bfc062723c751e8b465ee728b)  -> (artifact id: 'd06c875b58425576b65777aa21a43fff') in 0.012271 seconds 
========================================================================
Received Import Request.
  Time since last request: 3.618869 seconds.
  path: Assets/Tutorials/Scripts/TutorialCallbacks.cs
  artifactKey: Guid(744e1b7f0585ffa409c3faafcfa02d04) Importer(815301076,1909f56bfc062723c751e8b465ee728b)
Start importing Assets/Tutorials/Scripts/TutorialCallbacks.cs using Guid(744e1b7f0585ffa409c3faafcfa02d04) Importer(815301076,1909f56bfc062723c751e8b465ee728b)  -> (artifact id: 'ae3d3b7d2d336163ba84717a3cc6966d') in 0.003306 seconds 
========================================================================
Received Import Request.
  Time since last request: 296.977387 seconds.
  path: Assets/Tutorials/Tutorial2 -Create GameObject/5-TutorialCreateGameObjectStartPage.asset
  artifactKey: Guid(139f638e4c515354089b7ceded4617b0) Importer(815301076,1909f56bfc062723c751e8b465ee728b)
Start importing Assets/Tutorials/Tutorial2 -Create GameObject/5-TutorialCreateGameObjectStartPage.asset using Guid(139f638e4c515354089b7ceded4617b0) Importer(815301076,1909f56bfc062723c751e8b465ee728b)  -> (artifact id: '93170eef14acd1400b98c0eaa61045e2') in 0.029005 seconds 
========================================================================
Received Import Request.
  Time since last request: 320.290789 seconds.
  path: Assets/Tutorials/Tutorial2 -Create GameObject/5-TutorialCreateGameObjectStartPage.asset
  artifactKey: Guid(139f638e4c515354089b7ceded4617b0) Importer(815301076,1909f56bfc062723c751e8b465ee728b)
Start importing Assets/Tutorials/Tutorial2 -Create GameObject/5-TutorialCreateGameObjectStartPage.asset using Guid(139f638e4c515354089b7ceded4617b0) Importer(815301076,1909f56bfc062723c751e8b465ee728b)  -> (artifact id: '2202cdcccf60563cd5c5d6f0fb9caecc') in 0.004146 seconds 
========================================================================
Received Import Request.
  Time since last request: 50.903084 seconds.
  path: Packages/com.unity.learn.iet-framework.authoring/Editor
  artifactKey: Guid(090848d06d38f4f3a95b86d21a1af5a0) Importer(815301076,1909f56bfc062723c751e8b465ee728b)
Start importing Packages/com.unity.learn.iet-framework.authoring/Editor using Guid(090848d06d38f4f3a95b86d21a1af5a0) Importer(815301076,1909f56bfc062723c751e8b465ee728b)  -> (artifact id: '4d87815c0b054c5fbc10feff56beba3d') in 0.003839 seconds 
========================================================================
Received Import Request.
  Time since last request: 28.940190 seconds.
  path: Assets/Tutorials/Tutorial2 -Create GameObject/5-TutorialCreateGameObjectStartPage.asset
  artifactKey: Guid(139f638e4c515354089b7ceded4617b0) Importer(815301076,1909f56bfc062723c751e8b465ee728b)
Start importing Assets/Tutorials/Tutorial2 -Create GameObject/5-TutorialCreateGameObjectStartPage.asset using Guid(139f638e4c515354089b7ceded4617b0) Importer(815301076,1909f56bfc062723c751e8b465ee728b)  -> (artifact id: '1209abd8cc253585a7731f589096fb2f') in 0.004137 seconds 
========================================================================
Received Import Request.
  Time since last request: 147.316623 seconds.
  path: Assets/Tutorials/Tutorial2 -Create GameObject/5-TutorialCreateGameObjectStartPage.asset
  artifactKey: Guid(139f638e4c515354089b7ceded4617b0) Importer(815301076,1909f56bfc062723c751e8b465ee728b)
Start importing Assets/Tutorials/Tutorial2 -Create GameObject/5-TutorialCreateGameObjectStartPage.asset using Guid(139f638e4c515354089b7ceded4617b0) Importer(815301076,1909f56bfc062723c751e8b465ee728b)  -> (artifact id: '5f3c7265b2bd5fe78cdf0e4568fa2490') in 0.004230 seconds 
========================================================================
Received Prepare
Registering precompiled user dll's ...
Registered in 0.002627 seconds.
Begin MonoManager ReloadAssembly
Native extension for WindowsStandalone target not found
Native extension for WebGL target not found
Refreshing native plugins compatible for Editor in 0.62 ms, found 1 plugins.
Preloading 0 native plugins for Editor in 0.00 ms.
Mono: successfully reloaded assembly
- Completed reload, in  0.792 seconds
Platform modules already initialized, skipping
Refreshing native plugins compatible for Editor in 0.59 ms, found 1 plugins.
Preloading 0 native plugins for Editor in 0.00 ms.
Unloading 2803 Unused Serialized files (Serialized files now loaded: 0)
System memory in use before: 102.3 MB.
System memory in use after: 102.5 MB.

Unloading 10 unused Assets to reduce memory usage. Loaded Objects now: 3272.
Total: 2.911200 ms (FindLiveObjects: 0.486600 ms CreateObjectMapping: 0.126300 ms MarkObjects: 2.246200 ms  DeleteObjects: 0.050700 ms)

========================================================================
Received Import Request.
  Time since last request: 289.183412 seconds.
  path: Assets/Tutorials/Bookmark.txt
  artifactKey: Guid(f554a4856f7dfd64fbde64c57e5a7e6e) Importer(815301076,1909f56bfc062723c751e8b465ee728b)
Start importing Assets/Tutorials/Bookmark.txt using Guid(f554a4856f7dfd64fbde64c57e5a7e6e) Importer(815301076,1909f56bfc062723c751e8b465ee728b)  -> (artifact id: '54c36b0dd132664cc83b84ce5d6d1c8b') in 0.017762 seconds 
========================================================================
Received Import Request.
  Time since last request: 187.889480 seconds.
  path: Assets/Tutorials/Bookmark.txt
  artifactKey: Guid(f554a4856f7dfd64fbde64c57e5a7e6e) Importer(815301076,1909f56bfc062723c751e8b465ee728b)
Start importing Assets/Tutorials/Bookmark.txt using Guid(f554a4856f7dfd64fbde64c57e5a7e6e) Importer(815301076,1909f56bfc062723c751e8b465ee728b)  -> (artifact id: 'e2f549193c2b56702dbe94abb8c0b5b7') in 0.003669 seconds 
========================================================================
Received Prepare
Registering precompiled user dll's ...
Registered in 0.002451 seconds.
Begin MonoManager ReloadAssembly
Native extension for WindowsStandalone target not found
Native extension for WebGL target not found
Refreshing native plugins compatible for Editor in 0.65 ms, found 1 plugins.
Preloading 0 native plugins for Editor in 0.00 ms.
Mono: successfully reloaded assembly
- Completed reload, in  0.789 seconds
Platform modules already initialized, skipping
Refreshing native plugins compatible for Editor in 0.73 ms, found 1 plugins.
Preloading 0 native plugins for Editor in 0.00 ms.
Unloading 2803 Unused Serialized files (Serialized files now loaded: 0)
System memory in use before: 102.3 MB.
System memory in use after: 102.5 MB.

Unloading 10 unused Assets to reduce memory usage. Loaded Objects now: 3275.
Total: 2.424300 ms (FindLiveObjects: 0.432800 ms CreateObjectMapping: 0.078000 ms MarkObjects: 1.851800 ms  DeleteObjects: 0.060000 ms)

========================================================================
Received Import Request.
  Time since last request: 5261.681200 seconds.
  path: Assets/Tutorials/Tutorial2 -Create GameObject/10-TutorialCreateGameObjectTutorialPage.asset
  artifactKey: Guid(7d1b113b9b42b214294e2d421fd8d61b) Importer(815301076,1909f56bfc062723c751e8b465ee728b)
Start importing Assets/Tutorials/Tutorial2 -Create GameObject/10-TutorialCreateGameObjectTutorialPage.asset using Guid(7d1b113b9b42b214294e2d421fd8d61b) Importer(815301076,1909f56bfc062723c751e8b465ee728b)  -> (artifact id: '8b90ede48154eb93eb57a4a47a18563e') in 0.036657 seconds 
========================================================================
Received Import Request.
  Time since last request: 66.826447 seconds.
  path: Assets/Tutorials/Tutorial2 -Create GameObject/5-TutorialCreateGameObjectStartPage.asset
  artifactKey: Guid(139f638e4c515354089b7ceded4617b0) Importer(815301076,1909f56bfc062723c751e8b465ee728b)
Start importing Assets/Tutorials/Tutorial2 -Create GameObject/5-TutorialCreateGameObjectStartPage.asset using Guid(139f638e4c515354089b7ceded4617b0) Importer(815301076,1909f56bfc062723c751e8b465ee728b)  -> (artifact id: 'f111398dd88d984ee229edf3cad32641') in 0.006737 seconds 
========================================================================
Received Import Request.
  Time since last request: 58.776064 seconds.
  path: Assets/Tutorials/Tutorial2 -Create GameObject/10-TutorialCreateGameObjectTutorialPage.asset
  artifactKey: Guid(7d1b113b9b42b214294e2d421fd8d61b) Importer(815301076,1909f56bfc062723c751e8b465ee728b)
Start importing Assets/Tutorials/Tutorial2 -Create GameObject/10-TutorialCreateGameObjectTutorialPage.asset using Guid(7d1b113b9b42b214294e2d421fd8d61b) Importer(815301076,1909f56bfc062723c751e8b465ee728b)  -> (artifact id: 'd1cf52fea02a9a8139fe4d8b96f13eef') in 0.008452 seconds 
========================================================================
Received Import Request.
  Time since last request: 43.072979 seconds.
  path: Assets/Tutorials/Tutorial2 -Create GameObject/10-TutorialCreateGameObjectTutorialPage.asset
  artifactKey: Guid(7d1b113b9b42b214294e2d421fd8d61b) Importer(815301076,1909f56bfc062723c751e8b465ee728b)
Start importing Assets/Tutorials/Tutorial2 -Create GameObject/10-TutorialCreateGameObjectTutorialPage.asset using Guid(7d1b113b9b42b214294e2d421fd8d61b) Importer(815301076,1909f56bfc062723c751e8b465ee728b)  -> (artifact id: '2128c30b53813c5a2742519bf9380e06') in 0.003929 seconds 
========================================================================
Received Import Request.
  Time since last request: 240.716834 seconds.
  path: Assets/Tutorials/Tutorial Project Settings.asset
  artifactKey: Guid(7d1e67ebb52e930458547e1060f99a79) Importer(815301076,1909f56bfc062723c751e8b465ee728b)
Start importing Assets/Tutorials/Tutorial Project Settings.asset using Guid(7d1e67ebb52e930458547e1060f99a79) Importer(815301076,1909f56bfc062723c751e8b465ee728b)  -> (artifact id: '4c8da97ffda5aee914a2cdf20abc1b6c') in 0.021559 seconds 
========================================================================
Received Import Request.
  Time since last request: 49.880568 seconds.
  path: Assets/Tutorials/TutorialsTOC.asset
  artifactKey: Guid(615a04ad5358f43479a9803b9597673b) Importer(815301076,1909f56bfc062723c751e8b465ee728b)
Start importing Assets/Tutorials/TutorialsTOC.asset using Guid(615a04ad5358f43479a9803b9597673b) Importer(815301076,1909f56bfc062723c751e8b465ee728b)  -> (artifact id: '82bd7802408115d660ae3cbc462047bc') in 0.025116 seconds 
========================================================================
Received Import Request.
  Time since last request: 84456.281469 seconds.
  path: Assets/Tutorials/Tutorial3
  artifactKey: Guid(637e48ed80b18604c9501ff2db99199c) Importer(815301076,1909f56bfc062723c751e8b465ee728b)
Start importing Assets/Tutorials/Tutorial3 using Guid(637e48ed80b18604c9501ff2db99199c) Importer(815301076,1909f56bfc062723c751e8b465ee728b)  -> (artifact id: '1c32c1fa03919a0fd51c5c0bcdad05a5') in 0.083282 seconds 
========================================================================
Received Import Request.
  Time since last request: 2.745268 seconds.
  path: Assets/Tutorials/5-StartPage.asset
  artifactKey: Guid(1b9a779ff0053e744958a1efaa6c889f) Importer(815301076,1909f56bfc062723c751e8b465ee728b)
Start importing Assets/Tutorials/5-StartPage.asset using Guid(1b9a779ff0053e744958a1efaa6c889f) Importer(815301076,1909f56bfc062723c751e8b465ee728b)  -> (artifact id: '3c81708bdd494f1c0cc01d08227b355b') in 0.181109 seconds 
========================================================================
Received Import Request.
  Time since last request: 0.513851 seconds.
  path: Assets/Tutorials/15-LastPage.asset
  artifactKey: Guid(22511c2f385d1a2439bb695a55ef2bbf) Importer(815301076,1909f56bfc062723c751e8b465ee728b)
Start importing Assets/Tutorials/15-LastPage.asset using Guid(22511c2f385d1a2439bb695a55ef2bbf) Importer(815301076,1909f56bfc062723c751e8b465ee728b)  -> (artifact id: 'a45ce253c7aac818fdf98e257e6290d0') in 0.032865 seconds 
========================================================================
Received Import Request.
  Time since last request: 8.201493 seconds.
  path: Assets/Tutorials/Tutorial3/New Tutorial.asset
  artifactKey: Guid(a71e1213d3d1bf645b1caabd0e89f7e8) Importer(815301076,1909f56bfc062723c751e8b465ee728b)
Start importing Assets/Tutorials/Tutorial3/New Tutorial.asset using Guid(a71e1213d3d1bf645b1caabd0e89f7e8) Importer(815301076,1909f56bfc062723c751e8b465ee728b)  -> (artifact id: '42f6e099fecbe69464d21ad35629630c') in 0.055574 seconds 
========================================================================
Received Import Request.
  Time since last request: 3.995308 seconds.
  path: Assets/Tutorials/Tutorial3/Tutorial 3.asset
  artifactKey: Guid(a71e1213d3d1bf645b1caabd0e89f7e8) Importer(815301076,1909f56bfc062723c751e8b465ee728b)
Start importing Assets/Tutorials/Tutorial3/Tutorial 3.asset using Guid(a71e1213d3d1bf645b1caabd0e89f7e8) Importer(815301076,1909f56bfc062723c751e8b465ee728b)  -> (artifact id: '2a091590745d6200e660704b39a40dbc') in 0.053478 seconds 
========================================================================
Received Import Request.
  Time since last request: 51.545603 seconds.
  path: Assets/Tutorials/Tutorial3/Tutorial 3.asset
  artifactKey: Guid(a71e1213d3d1bf645b1caabd0e89f7e8) Importer(815301076,1909f56bfc062723c751e8b465ee728b)
Start importing Assets/Tutorials/Tutorial3/Tutorial 3.asset using Guid(a71e1213d3d1bf645b1caabd0e89f7e8) Importer(815301076,1909f56bfc062723c751e8b465ee728b)  -> (artifact id: '45878daab13c97c8802a129e09622cd8') in 0.037347 seconds 
========================================================================
Received Import Request.
  Time since last request: 6.700014 seconds.
  path: Assets/Tutorials/TutorialsTOC.asset
  artifactKey: Guid(615a04ad5358f43479a9803b9597673b) Importer(815301076,1909f56bfc062723c751e8b465ee728b)
Start importing Assets/Tutorials/TutorialsTOC.asset using Guid(615a04ad5358f43479a9803b9597673b) Importer(815301076,1909f56bfc062723c751e8b465ee728b)  -> (artifact id: '2728ec52f70d131d58aa5fa1592e296e') in 0.261900 seconds 
========================================================================
Received Import Request.
  Time since last request: 7.212482 seconds.
  path: Assets/Tutorials/TutorialsTOC.asset
  artifactKey: Guid(615a04ad5358f43479a9803b9597673b) Importer(815301076,1909f56bfc062723c751e8b465ee728b)
Start importing Assets/Tutorials/TutorialsTOC.asset using Guid(615a04ad5358f43479a9803b9597673b) Importer(815301076,1909f56bfc062723c751e8b465ee728b)  -> (artifact id: 'de9d58b3ac8afe62001ab3359f3a6fbb') in 0.009743 seconds 
========================================================================
Received Import Request.
  Time since last request: 11.118991 seconds.
  path: Assets/Tutorials/TutorialsTOC.asset
  artifactKey: Guid(615a04ad5358f43479a9803b9597673b) Importer(815301076,1909f56bfc062723c751e8b465ee728b)
Start importing Assets/Tutorials/TutorialsTOC.asset using Guid(615a04ad5358f43479a9803b9597673b) Importer(815301076,1909f56bfc062723c751e8b465ee728b)  -> (artifact id: 'b8556e1a87812d59f989c5f62264056b') in 0.069062 seconds 
========================================================================
Received Import Request.
  Time since last request: 3080.206314 seconds.
  path: Assets/Tutorials/Tutorial3/10-TutorialPage.asset
  artifactKey: Guid(ce275b4d2c2bea14e9bac5b3cb02810b) Importer(815301076,1909f56bfc062723c751e8b465ee728b)
Start importing Assets/Tutorials/Tutorial3/10-TutorialPage.asset using Guid(ce275b4d2c2bea14e9bac5b3cb02810b) Importer(815301076,1909f56bfc062723c751e8b465ee728b)  -> (artifact id: 'a261f3b67f3a37343bdee9aa0a198e6a') in 0.004682 seconds 
========================================================================
Received Import Request.
  Time since last request: 32.992417 seconds.
  path: Assets/GameLaunchpad/Scripts/Projectile/Shoot.cs
  artifactKey: Guid(40f3d75535eeb614fbe81437a32221a4) Importer(815301076,1909f56bfc062723c751e8b465ee728b)
Start importing Assets/GameLaunchpad/Scripts/Projectile/Shoot.cs using Guid(40f3d75535eeb614fbe81437a32221a4) Importer(815301076,1909f56bfc062723c751e8b465ee728b)  -> (artifact id: 'd74d805425ad1ffe34eb760755e8cfdf') in 0.052245 seconds 
========================================================================
Received Prepare
Registering precompiled user dll's ...
Registered in 0.002491 seconds.
Begin MonoManager ReloadAssembly
Native extension for WindowsStandalone target not found
Native extension for WebGL target not found
Refreshing native plugins compatible for Editor in 0.67 ms, found 1 plugins.
Preloading 0 native plugins for Editor in 0.00 ms.
Mono: successfully reloaded assembly
- Completed reload, in  1.020 seconds
Platform modules already initialized, skipping
Refreshing native plugins compatible for Editor in 0.65 ms, found 1 plugins.
Preloading 0 native plugins for Editor in 0.00 ms.
Unloading 2803 Unused Serialized files (Serialized files now loaded: 0)
System memory in use before: 102.4 MB.
System memory in use after: 102.6 MB.

Unloading 11 unused Assets to reduce memory usage. Loaded Objects now: 3278.
Total: 2.185100 ms (FindLiveObjects: 0.277800 ms CreateObjectMapping: 0.081700 ms MarkObjects: 1.687200 ms  DeleteObjects: 0.137700 ms)

